<?xml version="1.0" encoding="UTF-8"?>
<!-- Generated by org.testng.reporters.JUnitReportReporter -->
<testsuite skipped="0" hostname="DESKTOP-1SCR1MJ" name="com.selfservice.testcase.FeedslistpageTest" tests="1" failures="0" timestamp="15 Mar 2018 07:27:34 GMT" time="36.086" errors="0">
  <testcase name="feedslist" time="36.086" classname="com.selfservice.testcase.FeedslistpageTest"/>
</testsuite> <!-- com.selfservice.testcase.FeedslistpageTest -->
