<?xml version="1.0" encoding="UTF-8"?>
<!-- Generated by org.testng.reporters.JUnitReportReporter -->
<testsuite skipped="0" hostname="DESKTOP-1SCR1MJ" name="com.selfservice.testcase.FeedslistpageTest" tests="1" failures="0" timestamp="05 Apr 2018 07:04:49 GMT" time="32.292" errors="0">
  <testcase name="feedslist" time="32.292" classname="com.selfservice.testcase.FeedslistpageTest"/>
</testsuite> <!-- com.selfservice.testcase.FeedslistpageTest -->
