<?xml version="1.0" encoding="UTF-8"?>
<!-- Generated by org.testng.reporters.JUnitReportReporter -->
<testsuite skipped="0" hostname="DESKTOP-1SCR1MJ" name="com.selfservice.testcase.CategorypageTest" tests="1" failures="0" timestamp="05 Apr 2018 12:14:36 GMT" time="31.551" errors="0">
  <testcase name="category_test" time="31.551" classname="com.selfservice.testcase.CategorypageTest"/>
</testsuite> <!-- com.selfservice.testcase.CategorypageTest -->
