<?xml version="1.0" encoding="UTF-8"?>
<!-- Generated by org.testng.reporters.JUnitReportReporter -->
<testsuite skipped="0" hostname="DESKTOP-1SCR1MJ" name="com.selfservice.testcase.UserprofilepageTest" tests="1" failures="0" timestamp="27 Mar 2018 07:53:21 GMT" time="46.890" errors="0">
  <testcase name="verify_profile" time="46.890" classname="com.selfservice.testcase.UserprofilepageTest"/>
</testsuite> <!-- com.selfservice.testcase.UserprofilepageTest -->
