<?xml version="1.0" encoding="UTF-8"?>
<!-- Generated by org.testng.reporters.JUnitReportReporter -->
<testsuite skipped="0" hostname="DESKTOP-1SCR1MJ" name="com.selfservice.testcase.HomepageTest" tests="1" failures="0" timestamp="14 Mar 2018 11:17:16 GMT" time="7.112" errors="0">
  <testcase name="homepage" time="7.112" classname="com.selfservice.testcase.HomepageTest"/>
</testsuite> <!-- com.selfservice.testcase.HomepageTest -->
