<?xml version="1.0" encoding="UTF-8"?>
<!-- Generated by org.testng.reporters.JUnitReportReporter -->
<testsuite skipped="0" hostname="DESKTOP-1SCR1MJ" name="com.selfservice.testcase.LoginpageTest" tests="1" failures="0" timestamp="05 Apr 2018 06:49:32 GMT" time="16.688" errors="0">
  <testcase name="loginpage" time="16.688" classname="com.selfservice.testcase.LoginpageTest"/>
</testsuite> <!-- com.selfservice.testcase.LoginpageTest -->
