<?xml version="1.0" encoding="UTF-8"?>
<!-- Generated by org.testng.reporters.JUnitReportReporter -->
<testsuite skipped="0" hostname="DESKTOP-1SCR1MJ" name="com.selfservice.testcase.AddfeedspageTest" tests="1" failures="0" timestamp="27 Mar 2018 07:53:21 GMT" time="64.581" errors="0">
  <testcase name="feedspagetest" time="64.581" classname="com.selfservice.testcase.AddfeedspageTest"/>
</testsuite> <!-- com.selfservice.testcase.AddfeedspageTest -->
