<?xml version="1.0" encoding="UTF-8"?>
<!-- Generated by org.testng.reporters.JUnitReportReporter -->
<testsuite skipped="0" hostname="DESKTOP-1SCR1MJ" name="com.selfservice.testcase.AddfeedspageTest" tests="1" failures="0" timestamp="05 Apr 2018 07:30:25 GMT" time="124.313" errors="0">
  <testcase name="feedspagetest" time="124.313" classname="com.selfservice.testcase.AddfeedspageTest"/>
</testsuite> <!-- com.selfservice.testcase.AddfeedspageTest -->
