<?xml version="1.0" encoding="UTF-8"?>
<!-- Generated by org.testng.reporters.JUnitReportReporter -->
<testsuite skipped="0" hostname="DESKTOP-1SCR1MJ" name="com.selfservice.testcase.LoginpageTest" tests="1" failures="0" timestamp="12 Feb 2018 07:08:02 GMT" time="10.253" errors="0">
  <testcase name="loginpage" time="10.253" classname="com.selfservice.testcase.LoginpageTest"/>
</testsuite> <!-- com.selfservice.testcase.LoginpageTest -->
