<?xml version="1.0" encoding="UTF-8"?>
<!-- Generated by org.testng.reporters.JUnitReportReporter -->
<testsuite skipped="0" hostname="DESKTOP-1SCR1MJ" name="com.selfservice.testcase.UserspageTest" tests="1" failures="0" timestamp="06 Apr 2018 09:16:05 GMT" time="44.458" errors="0">
  <testcase name="verify_userspage" time="44.458" classname="com.selfservice.testcase.UserspageTest"/>
</testsuite> <!-- com.selfservice.testcase.UserspageTest -->
